<?xml version="1.0" encoding="UTF-8"?>
<!-- Generated by org.testng.reporters.JUnitReportReporter -->
<testsuite hostname="Sasikumar" failures="0" tests="1" name="org.example.GoRestAPI" time="4.463" errors="0" timestamp="2025-09-22T22:06:21 IST" skipped="0">
  <testcase classname="org.example.GoRestAPI" name="listUsers" time="4.463"/>
</testsuite> <!-- org.example.GoRestAPI -->
